Creating waveform dump dir 
waveform dump @: /home/ecelrc/students/dsantamaria/Verification_EE382V/lab3/.formalrun/Default/__p_a25_wishbone___p_wrp___p_WB_IDLE_TimeOut_ 
assDepth=2003 cexlength=0
CEX DS MADE 
Setting up cex env
Simulation to start.
Doing step : 0
Doing step : 1
Doing step : 2
Doing step : 3
Doing step : 4
Doing step : 5
Doing step : 6
Doing step : 7
Doing step : 8
Doing step : 9
Doing step : 10
Doing step : 11
Doing step : 12
Doing step : 13
Doing step : 14
Doing step : 15
Doing step : 16
Doing step : 17
Doing step : 18
Doing step : 19
Doing step : 20
Doing step : 21
Doing step : 22
Doing step : 23
Doing step : 24
Doing step : 25
Doing step : 26
Doing step : 27
Doing step : 28
Doing step : 29
Doing step : 30
Doing step : 31
Doing step : 32
Doing step : 33
Doing step : 34
Doing step : 35
Doing step : 36
Doing step : 37
Doing step : 38
Doing step : 39
Doing step : 40
Doing step : 41
Doing step : 42
Doing step : 43
Doing step : 44
Doing step : 45
Doing step : 46
Doing step : 47
Doing step : 48
Doing step : 49
Doing step : 50
Doing step : 51
Doing step : 52
Doing step : 53
Doing step : 54
Doing step : 55
Doing step : 56
Doing step : 57
Doing step : 58
Doing step : 59
Doing step : 60
Doing step : 61
Doing step : 62
Doing step : 63
Doing step : 64
Doing step : 65
Doing step : 66
Doing step : 67
Doing step : 68
Doing step : 69
Doing step : 70
Doing step : 71
Doing step : 72
Doing step : 73
Doing step : 74
Doing step : 75
Doing step : 76
Doing step : 77
Doing step : 78
Doing step : 79
Doing step : 80
Doing step : 81
Doing step : 82
Doing step : 83
Doing step : 84
Doing step : 85
Doing step : 86
Doing step : 87
Doing step : 88
Doing step : 89
Doing step : 90
Doing step : 91
Doing step : 92
Doing step : 93
Doing step : 94
Doing step : 95
Doing step : 96
Doing step : 97
Doing step : 98
Doing step : 99
Doing step : 100
Doing step : 101
Doing step : 102
Doing step : 103
Doing step : 104
Doing step : 105
Doing step : 106
Doing step : 107
Doing step : 108
Doing step : 109
Doing step : 110
Doing step : 111
Doing step : 112
Doing step : 113
Doing step : 114
Doing step : 115
Doing step : 116
Doing step : 117
Doing step : 118
Doing step : 119
Doing step : 120
Doing step : 121
Doing step : 122
Doing step : 123
Doing step : 124
Doing step : 125
Doing step : 126
Doing step : 127
Doing step : 128
Doing step : 129
Doing step : 130
Doing step : 131
Doing step : 132
Doing step : 133
Doing step : 134
Doing step : 135
Doing step : 136
Doing step : 137
Doing step : 138
Doing step : 139
Doing step : 140
Doing step : 141
Doing step : 142
Doing step : 143
Doing step : 144
Doing step : 145
Doing step : 146
Doing step : 147
Doing step : 148
Doing step : 149
Doing step : 150
Doing step : 151
Doing step : 152
Doing step : 153
Doing step : 154
Doing step : 155
Doing step : 156
Doing step : 157
Doing step : 158
Doing step : 159
Doing step : 160
Doing step : 161
Doing step : 162
Doing step : 163
Doing step : 164
Doing step : 165
Doing step : 166
Doing step : 167
Doing step : 168
Doing step : 169
Doing step : 170
Doing step : 171
Doing step : 172
Doing step : 173
Doing step : 174
Doing step : 175
Doing step : 176
Doing step : 177
Doing step : 178
Doing step : 179
Doing step : 180
Doing step : 181
Doing step : 182
Doing step : 183
Doing step : 184
Doing step : 185
Doing step : 186
Doing step : 187
Doing step : 188
Doing step : 189
Doing step : 190
Doing step : 191
Doing step : 192
Doing step : 193
Doing step : 194
Doing step : 195
Doing step : 196
Doing step : 197
Doing step : 198
Doing step : 199
Doing step : 200
Doing step : 201
Doing step : 202
Doing step : 203
Doing step : 204
Doing step : 205
Doing step : 206
Doing step : 207
Doing step : 208
Doing step : 209
Doing step : 210
Doing step : 211
Doing step : 212
Doing step : 213
Doing step : 214
Doing step : 215
Doing step : 216
Doing step : 217
Doing step : 218
Doing step : 219
Doing step : 220
Doing step : 221
Doing step : 222
Doing step : 223
Doing step : 224
Doing step : 225
Doing step : 226
Doing step : 227
Doing step : 228
Doing step : 229
Doing step : 230
Doing step : 231
Doing step : 232
Doing step : 233
Doing step : 234
Doing step : 235
Doing step : 236
Doing step : 237
Doing step : 238
Doing step : 239
Doing step : 240
Doing step : 241
Doing step : 242
Doing step : 243
Doing step : 244
Doing step : 245
Doing step : 246
Doing step : 247
Doing step : 248
Doing step : 249
Doing step : 250
Doing step : 251
Doing step : 252
Doing step : 253
Doing step : 254
Doing step : 255
Doing step : 256
Doing step : 257
Doing step : 258
Doing step : 259
Doing step : 260
Doing step : 261
Doing step : 262
Doing step : 263
Doing step : 264
Doing step : 265
Doing step : 266
Doing step : 267
Doing step : 268
Doing step : 269
Doing step : 270
Doing step : 271
Doing step : 272
Doing step : 273
Doing step : 274
Doing step : 275
Doing step : 276
Doing step : 277
Doing step : 278
Doing step : 279
Doing step : 280
Doing step : 281
Doing step : 282
Doing step : 283
Doing step : 284
Doing step : 285
Doing step : 286
Doing step : 287
Doing step : 288
Doing step : 289
Doing step : 290
Doing step : 291
Doing step : 292
Doing step : 293
Doing step : 294
Doing step : 295
Doing step : 296
Doing step : 297
Doing step : 298
Doing step : 299
Doing step : 300
Doing step : 301
Doing step : 302
Doing step : 303
Doing step : 304
Doing step : 305
Doing step : 306
Doing step : 307
Doing step : 308
Doing step : 309
Doing step : 310
Doing step : 311
Doing step : 312
Doing step : 313
Doing step : 314
Doing step : 315
Doing step : 316
Doing step : 317
Doing step : 318
Doing step : 319
Doing step : 320
Doing step : 321
Doing step : 322
Doing step : 323
Doing step : 324
Doing step : 325
Doing step : 326
Doing step : 327
Doing step : 328
Doing step : 329
Doing step : 330
Doing step : 331
Doing step : 332
Doing step : 333
Doing step : 334
Doing step : 335
Doing step : 336
Doing step : 337
Doing step : 338
Doing step : 339
Doing step : 340
Doing step : 341
Doing step : 342
Doing step : 343
Doing step : 344
Doing step : 345
Doing step : 346
Doing step : 347
Doing step : 348
Doing step : 349
Doing step : 350
Doing step : 351
Doing step : 352
Doing step : 353
Doing step : 354
Doing step : 355
Doing step : 356
Doing step : 357
Doing step : 358
Doing step : 359
Doing step : 360
Doing step : 361
Doing step : 362
Doing step : 363
Doing step : 364
Doing step : 365
Doing step : 366
Doing step : 367
Doing step : 368
Doing step : 369
Doing step : 370
Doing step : 371
Doing step : 372
Doing step : 373
Doing step : 374
Doing step : 375
Doing step : 376
Doing step : 377
Doing step : 378
Doing step : 379
Doing step : 380
Doing step : 381
Doing step : 382
Doing step : 383
Doing step : 384
Doing step : 385
Doing step : 386
Doing step : 387
Doing step : 388
Doing step : 389
Doing step : 390
Doing step : 391
Doing step : 392
Doing step : 393
Doing step : 394
Doing step : 395
Doing step : 396
Doing step : 397
Doing step : 398
Doing step : 399
Doing step : 400
Doing step : 401
Doing step : 402
Doing step : 403
Doing step : 404
Doing step : 405
Doing step : 406
Doing step : 407
Doing step : 408
Doing step : 409
Doing step : 410
Doing step : 411
Doing step : 412
Doing step : 413
Doing step : 414
Doing step : 415
Doing step : 416
Doing step : 417
Doing step : 418
Doing step : 419
Doing step : 420
Doing step : 421
Doing step : 422
Doing step : 423
Doing step : 424
Doing step : 425
Doing step : 426
Doing step : 427
Doing step : 428
Doing step : 429
Doing step : 430
Doing step : 431
Doing step : 432
Doing step : 433
Doing step : 434
Doing step : 435
Doing step : 436
Doing step : 437
Doing step : 438
Doing step : 439
Doing step : 440
Doing step : 441
Doing step : 442
Doing step : 443
Doing step : 444
Doing step : 445
Doing step : 446
Doing step : 447
Doing step : 448
Doing step : 449
Doing step : 450
Doing step : 451
Doing step : 452
Doing step : 453
Doing step : 454
Doing step : 455
Doing step : 456
Doing step : 457
Doing step : 458
Doing step : 459
Doing step : 460
Doing step : 461
Doing step : 462
Doing step : 463
Doing step : 464
Doing step : 465
Doing step : 466
Doing step : 467
Doing step : 468
Doing step : 469
Doing step : 470
Doing step : 471
Doing step : 472
Doing step : 473
Doing step : 474
Doing step : 475
Doing step : 476
Doing step : 477
Doing step : 478
Doing step : 479
Doing step : 480
Doing step : 481
Doing step : 482
Doing step : 483
Doing step : 484
Doing step : 485
Doing step : 486
Doing step : 487
Doing step : 488
Doing step : 489
Doing step : 490
Doing step : 491
Doing step : 492
Doing step : 493
Doing step : 494
Doing step : 495
Doing step : 496
Doing step : 497
Doing step : 498
Doing step : 499
Doing step : 500
Doing step : 501
Doing step : 502
Doing step : 503
Doing step : 504
Doing step : 505
Doing step : 506
Doing step : 507
Doing step : 508
Doing step : 509
Doing step : 510
Doing step : 511
Doing step : 512
Doing step : 513
Doing step : 514
Doing step : 515
Doing step : 516
Doing step : 517
Doing step : 518
Doing step : 519
Doing step : 520
Doing step : 521
Doing step : 522
Doing step : 523
Doing step : 524
Doing step : 525
Doing step : 526
Doing step : 527
Doing step : 528
Doing step : 529
Doing step : 530
Doing step : 531
Doing step : 532
Doing step : 533
Doing step : 534
Doing step : 535
Doing step : 536
Doing step : 537
Doing step : 538
Doing step : 539
Doing step : 540
Doing step : 541
Doing step : 542
Doing step : 543
Doing step : 544
Doing step : 545
Doing step : 546
Doing step : 547
Doing step : 548
Doing step : 549
Doing step : 550
Doing step : 551
Doing step : 552
Doing step : 553
Doing step : 554
Doing step : 555
Doing step : 556
Doing step : 557
Doing step : 558
Doing step : 559
Doing step : 560
Doing step : 561
Doing step : 562
Doing step : 563
Doing step : 564
Doing step : 565
Doing step : 566
Doing step : 567
Doing step : 568
Doing step : 569
Doing step : 570
Doing step : 571
Doing step : 572
Doing step : 573
Doing step : 574
Doing step : 575
Doing step : 576
Doing step : 577
Doing step : 578
Doing step : 579
Doing step : 580
Doing step : 581
Doing step : 582
Doing step : 583
Doing step : 584
Doing step : 585
Doing step : 586
Doing step : 587
Doing step : 588
Doing step : 589
Doing step : 590
Doing step : 591
Doing step : 592
Doing step : 593
Doing step : 594
Doing step : 595
Doing step : 596
Doing step : 597
Doing step : 598
Doing step : 599
Doing step : 600
Doing step : 601
Doing step : 602
Doing step : 603
Doing step : 604
Doing step : 605
Doing step : 606
Doing step : 607
Doing step : 608
Doing step : 609
Doing step : 610
Doing step : 611
Doing step : 612
Doing step : 613
Doing step : 614
Doing step : 615
Doing step : 616
Doing step : 617
Doing step : 618
Doing step : 619
Doing step : 620
Doing step : 621
Doing step : 622
Doing step : 623
Doing step : 624
Doing step : 625
Doing step : 626
Doing step : 627
Doing step : 628
Doing step : 629
Doing step : 630
Doing step : 631
Doing step : 632
Doing step : 633
Doing step : 634
Doing step : 635
Doing step : 636
Doing step : 637
Doing step : 638
Doing step : 639
Doing step : 640
Doing step : 641
Doing step : 642
Doing step : 643
Doing step : 644
Doing step : 645
Doing step : 646
Doing step : 647
Doing step : 648
Doing step : 649
Doing step : 650
Doing step : 651
Doing step : 652
Doing step : 653
Doing step : 654
Doing step : 655
Doing step : 656
Doing step : 657
Doing step : 658
Doing step : 659
Doing step : 660
Doing step : 661
Doing step : 662
Doing step : 663
Doing step : 664
Doing step : 665
Doing step : 666
Doing step : 667
Doing step : 668
Doing step : 669
Doing step : 670
Doing step : 671
Doing step : 672
Doing step : 673
Doing step : 674
Doing step : 675
Doing step : 676
Doing step : 677
Doing step : 678
Doing step : 679
Doing step : 680
Doing step : 681
Doing step : 682
Doing step : 683
Doing step : 684
Doing step : 685
Doing step : 686
Doing step : 687
Doing step : 688
Doing step : 689
Doing step : 690
Doing step : 691
Doing step : 692
Doing step : 693
Doing step : 694
Doing step : 695
Doing step : 696
Doing step : 697
Doing step : 698
Doing step : 699
Doing step : 700
Doing step : 701
Doing step : 702
Doing step : 703
Doing step : 704
Doing step : 705
Doing step : 706
Doing step : 707
Doing step : 708
Doing step : 709
Doing step : 710
Doing step : 711
Doing step : 712
Doing step : 713
Doing step : 714
Doing step : 715
Doing step : 716
Doing step : 717
Doing step : 718
Doing step : 719
Doing step : 720
Doing step : 721
Doing step : 722
Doing step : 723
Doing step : 724
Doing step : 725
Doing step : 726
Doing step : 727
Doing step : 728
Doing step : 729
Doing step : 730
Doing step : 731
Doing step : 732
Doing step : 733
Doing step : 734
Doing step : 735
Doing step : 736
Doing step : 737
Doing step : 738
Doing step : 739
Doing step : 740
Doing step : 741
Doing step : 742
Doing step : 743
Doing step : 744
Doing step : 745
Doing step : 746
Doing step : 747
Doing step : 748
Doing step : 749
Doing step : 750
Doing step : 751
Doing step : 752
Doing step : 753
Doing step : 754
Doing step : 755
Doing step : 756
Doing step : 757
Doing step : 758
Doing step : 759
Doing step : 760
Doing step : 761
Doing step : 762
Doing step : 763
Doing step : 764
Doing step : 765
Doing step : 766
Doing step : 767
Doing step : 768
Doing step : 769
Doing step : 770
Doing step : 771
Doing step : 772
Doing step : 773
Doing step : 774
Doing step : 775
Doing step : 776
Doing step : 777
Doing step : 778
Doing step : 779
Doing step : 780
Doing step : 781
Doing step : 782
Doing step : 783
Doing step : 784
Doing step : 785
Doing step : 786
Doing step : 787
Doing step : 788
Doing step : 789
Doing step : 790
Doing step : 791
Doing step : 792
Doing step : 793
Doing step : 794
Doing step : 795
Doing step : 796
Doing step : 797
Doing step : 798
Doing step : 799
Doing step : 800
Doing step : 801
Doing step : 802
Doing step : 803
Doing step : 804
Doing step : 805
Doing step : 806
Doing step : 807
Doing step : 808
Doing step : 809
Doing step : 810
Doing step : 811
Doing step : 812
Doing step : 813
Doing step : 814
Doing step : 815
Doing step : 816
Doing step : 817
Doing step : 818
Doing step : 819
Doing step : 820
Doing step : 821
Doing step : 822
Doing step : 823
Doing step : 824
Doing step : 825
Doing step : 826
Doing step : 827
Doing step : 828
Doing step : 829
Doing step : 830
Doing step : 831
Doing step : 832
Doing step : 833
Doing step : 834
Doing step : 835
Doing step : 836
Doing step : 837
Doing step : 838
Doing step : 839
Doing step : 840
Doing step : 841
Doing step : 842
Doing step : 843
Doing step : 844
Doing step : 845
Doing step : 846
Doing step : 847
Doing step : 848
Doing step : 849
Doing step : 850
Doing step : 851
Doing step : 852
Doing step : 853
Doing step : 854
Doing step : 855
Doing step : 856
Doing step : 857
Doing step : 858
Doing step : 859
Doing step : 860
Doing step : 861
Doing step : 862
Doing step : 863
Doing step : 864
Doing step : 865
Doing step : 866
Doing step : 867
Doing step : 868
Doing step : 869
Doing step : 870
Doing step : 871
Doing step : 872
Doing step : 873
Doing step : 874
Doing step : 875
Doing step : 876
Doing step : 877
Doing step : 878
Doing step : 879
Doing step : 880
Doing step : 881
Doing step : 882
Doing step : 883
Doing step : 884
Doing step : 885
Doing step : 886
Doing step : 887
Doing step : 888
Doing step : 889
Doing step : 890
Doing step : 891
Doing step : 892
Doing step : 893
Doing step : 894
Doing step : 895
Doing step : 896
Doing step : 897
Doing step : 898
Doing step : 899
Doing step : 900
Doing step : 901
Doing step : 902
Doing step : 903
Doing step : 904
Doing step : 905
Doing step : 906
Doing step : 907
Doing step : 908
Doing step : 909
Doing step : 910
Doing step : 911
Doing step : 912
Doing step : 913
Doing step : 914
Doing step : 915
Doing step : 916
Doing step : 917
Doing step : 918
Doing step : 919
Doing step : 920
Doing step : 921
Doing step : 922
Doing step : 923
Doing step : 924
Doing step : 925
Doing step : 926
Doing step : 927
Doing step : 928
Doing step : 929
Doing step : 930
Doing step : 931
Doing step : 932
Doing step : 933
Doing step : 934
Doing step : 935
Doing step : 936
Doing step : 937
Doing step : 938
Doing step : 939
Doing step : 940
Doing step : 941
Doing step : 942
Doing step : 943
Doing step : 944
Doing step : 945
Doing step : 946
Doing step : 947
Doing step : 948
Doing step : 949
Doing step : 950
Doing step : 951
Doing step : 952
Doing step : 953
Doing step : 954
Doing step : 955
Doing step : 956
Doing step : 957
Doing step : 958
Doing step : 959
Doing step : 960
Doing step : 961
Doing step : 962
Doing step : 963
Doing step : 964
Doing step : 965
Doing step : 966
Doing step : 967
Doing step : 968
Doing step : 969
Doing step : 970
Doing step : 971
Doing step : 972
Doing step : 973
Doing step : 974
Doing step : 975
Doing step : 976
Doing step : 977
Doing step : 978
Doing step : 979
Doing step : 980
Doing step : 981
Doing step : 982
Doing step : 983
Doing step : 984
Doing step : 985
Doing step : 986
Doing step : 987
Doing step : 988
Doing step : 989
Doing step : 990
Doing step : 991
Doing step : 992
Doing step : 993
Doing step : 994
Doing step : 995
Doing step : 996
Doing step : 997
Doing step : 998
Doing step : 999
Doing step : 1000
Doing step : 1001
Doing step : 1002
Doing step : 1003
Doing step : 1004
Doing step : 1005
Doing step : 1006
Doing step : 1007
Doing step : 1008
Doing step : 1009
Doing step : 1010
Doing step : 1011
Doing step : 1012
Doing step : 1013
Doing step : 1014
Doing step : 1015
Doing step : 1016
Doing step : 1017
Doing step : 1018
Doing step : 1019
Doing step : 1020
Doing step : 1021
Doing step : 1022
Doing step : 1023
Doing step : 1024
Doing step : 1025
Doing step : 1026
Doing step : 1027
Doing step : 1028
Doing step : 1029
Doing step : 1030
Doing step : 1031
Doing step : 1032
Doing step : 1033
Doing step : 1034
Doing step : 1035
Doing step : 1036
Doing step : 1037
Doing step : 1038
Doing step : 1039
Doing step : 1040
Doing step : 1041
Doing step : 1042
Doing step : 1043
Doing step : 1044
Doing step : 1045
Doing step : 1046
Doing step : 1047
Doing step : 1048
Doing step : 1049
Doing step : 1050
Doing step : 1051
Doing step : 1052
Doing step : 1053
Doing step : 1054
Doing step : 1055
Doing step : 1056
Doing step : 1057
Doing step : 1058
Doing step : 1059
Doing step : 1060
Doing step : 1061
Doing step : 1062
Doing step : 1063
Doing step : 1064
Doing step : 1065
Doing step : 1066
Doing step : 1067
Doing step : 1068
Doing step : 1069
Doing step : 1070
Doing step : 1071
Doing step : 1072
Doing step : 1073
Doing step : 1074
Doing step : 1075
Doing step : 1076
Doing step : 1077
Doing step : 1078
Doing step : 1079
Doing step : 1080
Doing step : 1081
Doing step : 1082
Doing step : 1083
Doing step : 1084
Doing step : 1085
Doing step : 1086
Doing step : 1087
Doing step : 1088
Doing step : 1089
Doing step : 1090
Doing step : 1091
Doing step : 1092
Doing step : 1093
Doing step : 1094
Doing step : 1095
Doing step : 1096
Doing step : 1097
Doing step : 1098
Doing step : 1099
Doing step : 1100
Doing step : 1101
Doing step : 1102
Doing step : 1103
Doing step : 1104
Doing step : 1105
Doing step : 1106
Doing step : 1107
Doing step : 1108
Doing step : 1109
Doing step : 1110
Doing step : 1111
Doing step : 1112
Doing step : 1113
Doing step : 1114
Doing step : 1115
Doing step : 1116
Doing step : 1117
Doing step : 1118
Doing step : 1119
Doing step : 1120
Doing step : 1121
Doing step : 1122
Doing step : 1123
Doing step : 1124
Doing step : 1125
Doing step : 1126
Doing step : 1127
Doing step : 1128
Doing step : 1129
Doing step : 1130
Doing step : 1131
Doing step : 1132
Doing step : 1133
Doing step : 1134
Doing step : 1135
Doing step : 1136
Doing step : 1137
Doing step : 1138
Doing step : 1139
Doing step : 1140
Doing step : 1141
Doing step : 1142
Doing step : 1143
Doing step : 1144
Doing step : 1145
Doing step : 1146
Doing step : 1147
Doing step : 1148
Doing step : 1149
Doing step : 1150
Doing step : 1151
Doing step : 1152
Doing step : 1153
Doing step : 1154
Doing step : 1155
Doing step : 1156
Doing step : 1157
Doing step : 1158
Doing step : 1159
Doing step : 1160
Doing step : 1161
Doing step : 1162
Doing step : 1163
Doing step : 1164
Doing step : 1165
Doing step : 1166
Doing step : 1167
Doing step : 1168
Doing step : 1169
Doing step : 1170
Doing step : 1171
Doing step : 1172
Doing step : 1173
Doing step : 1174
Doing step : 1175
Doing step : 1176
Doing step : 1177
Doing step : 1178
Doing step : 1179
Doing step : 1180
Doing step : 1181
Doing step : 1182
Doing step : 1183
Doing step : 1184
Doing step : 1185
Doing step : 1186
Doing step : 1187
Doing step : 1188
Doing step : 1189
Doing step : 1190
Doing step : 1191
Doing step : 1192
Doing step : 1193
Doing step : 1194
Doing step : 1195
Doing step : 1196
Doing step : 1197
Doing step : 1198
Doing step : 1199
Doing step : 1200
Doing step : 1201
Doing step : 1202
Doing step : 1203
Doing step : 1204
Doing step : 1205
Doing step : 1206
Doing step : 1207
Doing step : 1208
Doing step : 1209
Doing step : 1210
Doing step : 1211
Doing step : 1212
Doing step : 1213
Doing step : 1214
Doing step : 1215
Doing step : 1216
Doing step : 1217
Doing step : 1218
Doing step : 1219
Doing step : 1220
Doing step : 1221
Doing step : 1222
Doing step : 1223
Doing step : 1224
Doing step : 1225
Doing step : 1226
Doing step : 1227
Doing step : 1228
Doing step : 1229
Doing step : 1230
Doing step : 1231
Doing step : 1232
Doing step : 1233
Doing step : 1234
Doing step : 1235
Doing step : 1236
Doing step : 1237
Doing step : 1238
Doing step : 1239
Doing step : 1240
Doing step : 1241
Doing step : 1242
Doing step : 1243
Doing step : 1244
Doing step : 1245
Doing step : 1246
Doing step : 1247
Doing step : 1248
Doing step : 1249
Doing step : 1250
Doing step : 1251
Doing step : 1252
Doing step : 1253
Doing step : 1254
Doing step : 1255
Doing step : 1256
Doing step : 1257
Doing step : 1258
Doing step : 1259
Doing step : 1260
Doing step : 1261
Doing step : 1262
Doing step : 1263
Doing step : 1264
Doing step : 1265
Doing step : 1266
Doing step : 1267
Doing step : 1268
Doing step : 1269
Doing step : 1270
Doing step : 1271
Doing step : 1272
Doing step : 1273
Doing step : 1274
Doing step : 1275
Doing step : 1276
Doing step : 1277
Doing step : 1278
Doing step : 1279
Doing step : 1280
Doing step : 1281
Doing step : 1282
Doing step : 1283
Doing step : 1284
Doing step : 1285
Doing step : 1286
Doing step : 1287
Doing step : 1288
Doing step : 1289
Doing step : 1290
Doing step : 1291
Doing step : 1292
Doing step : 1293
Doing step : 1294
Doing step : 1295
Doing step : 1296
Doing step : 1297
Doing step : 1298
Doing step : 1299
Doing step : 1300
Doing step : 1301
Doing step : 1302
Doing step : 1303
Doing step : 1304
Doing step : 1305
Doing step : 1306
Doing step : 1307
Doing step : 1308
Doing step : 1309
Doing step : 1310
Doing step : 1311
Doing step : 1312
Doing step : 1313
Doing step : 1314
Doing step : 1315
Doing step : 1316
Doing step : 1317
Doing step : 1318
Doing step : 1319
Doing step : 1320
Doing step : 1321
Doing step : 1322
Doing step : 1323
Doing step : 1324
Doing step : 1325
Doing step : 1326
Doing step : 1327
Doing step : 1328
Doing step : 1329
Doing step : 1330
Doing step : 1331
Doing step : 1332
Doing step : 1333
Doing step : 1334
Doing step : 1335
Doing step : 1336
Doing step : 1337
Doing step : 1338
Doing step : 1339
Doing step : 1340
Doing step : 1341
Doing step : 1342
Doing step : 1343
Doing step : 1344
Doing step : 1345
Doing step : 1346
Doing step : 1347
Doing step : 1348
Doing step : 1349
Doing step : 1350
Doing step : 1351
Doing step : 1352
Doing step : 1353
Doing step : 1354
Doing step : 1355
Doing step : 1356
Doing step : 1357
Doing step : 1358
Doing step : 1359
Doing step : 1360
Doing step : 1361
Doing step : 1362
Doing step : 1363
Doing step : 1364
Doing step : 1365
Doing step : 1366
Doing step : 1367
Doing step : 1368
Doing step : 1369
Doing step : 1370
Doing step : 1371
Doing step : 1372
Doing step : 1373
Doing step : 1374
Doing step : 1375
Doing step : 1376
Doing step : 1377
Doing step : 1378
Doing step : 1379
Doing step : 1380
Doing step : 1381
Doing step : 1382
Doing step : 1383
Doing step : 1384
Doing step : 1385
Doing step : 1386
Doing step : 1387
Doing step : 1388
Doing step : 1389
Doing step : 1390
Doing step : 1391
Doing step : 1392
Doing step : 1393
Doing step : 1394
Doing step : 1395
Doing step : 1396
Doing step : 1397
Doing step : 1398
Doing step : 1399
Doing step : 1400
Doing step : 1401
Doing step : 1402
Doing step : 1403
Doing step : 1404
Doing step : 1405
Doing step : 1406
Doing step : 1407
Doing step : 1408
Doing step : 1409
Doing step : 1410
Doing step : 1411
Doing step : 1412
Doing step : 1413
Doing step : 1414
Doing step : 1415
Doing step : 1416
Doing step : 1417
Doing step : 1418
Doing step : 1419
Doing step : 1420
Doing step : 1421
Doing step : 1422
Doing step : 1423
Doing step : 1424
Doing step : 1425
Doing step : 1426
Doing step : 1427
Doing step : 1428
Doing step : 1429
Doing step : 1430
Doing step : 1431
Doing step : 1432
Doing step : 1433
Doing step : 1434
Doing step : 1435
Doing step : 1436
Doing step : 1437
Doing step : 1438
Doing step : 1439
Doing step : 1440
Doing step : 1441
Doing step : 1442
Doing step : 1443
Doing step : 1444
Doing step : 1445
Doing step : 1446
Doing step : 1447
Doing step : 1448
Doing step : 1449
Doing step : 1450
Doing step : 1451
Doing step : 1452
Doing step : 1453
Doing step : 1454
Doing step : 1455
Doing step : 1456
Doing step : 1457
Doing step : 1458
Doing step : 1459
Doing step : 1460
Doing step : 1461
Doing step : 1462
Doing step : 1463
Doing step : 1464
Doing step : 1465
Doing step : 1466
Doing step : 1467
Doing step : 1468
Doing step : 1469
Doing step : 1470
Doing step : 1471
Doing step : 1472
Doing step : 1473
Doing step : 1474
Doing step : 1475
Doing step : 1476
Doing step : 1477
Doing step : 1478
Doing step : 1479
Doing step : 1480
Doing step : 1481
Doing step : 1482
Doing step : 1483
Doing step : 1484
Doing step : 1485
Doing step : 1486
Doing step : 1487
Doing step : 1488
Doing step : 1489
Doing step : 1490
Doing step : 1491
Doing step : 1492
Doing step : 1493
Doing step : 1494
Doing step : 1495
Doing step : 1496
Doing step : 1497
Doing step : 1498
Doing step : 1499
Doing step : 1500
Doing step : 1501
Doing step : 1502
Doing step : 1503
Doing step : 1504
Doing step : 1505
Doing step : 1506
Doing step : 1507
Doing step : 1508
Doing step : 1509
Doing step : 1510
Doing step : 1511
Doing step : 1512
Doing step : 1513
Doing step : 1514
Doing step : 1515
Doing step : 1516
Doing step : 1517
Doing step : 1518
Doing step : 1519
Doing step : 1520
Doing step : 1521
Doing step : 1522
Doing step : 1523
Doing step : 1524
Doing step : 1525
Doing step : 1526
Doing step : 1527
Doing step : 1528
Doing step : 1529
Doing step : 1530
Doing step : 1531
Doing step : 1532
Doing step : 1533
Doing step : 1534
Doing step : 1535
Doing step : 1536
Doing step : 1537
Doing step : 1538
Doing step : 1539
Doing step : 1540
Doing step : 1541
Doing step : 1542
Doing step : 1543
Doing step : 1544
Doing step : 1545
Doing step : 1546
Doing step : 1547
Doing step : 1548
Doing step : 1549
Doing step : 1550
Doing step : 1551
Doing step : 1552
Doing step : 1553
Doing step : 1554
Doing step : 1555
Doing step : 1556
Doing step : 1557
Doing step : 1558
Doing step : 1559
Doing step : 1560
Doing step : 1561
Doing step : 1562
Doing step : 1563
Doing step : 1564
Doing step : 1565
Doing step : 1566
Doing step : 1567
Doing step : 1568
Doing step : 1569
Doing step : 1570
Doing step : 1571
Doing step : 1572
Doing step : 1573
Doing step : 1574
Doing step : 1575
Doing step : 1576
Doing step : 1577
Doing step : 1578
Doing step : 1579
Doing step : 1580
Doing step : 1581
Doing step : 1582
Doing step : 1583
Doing step : 1584
Doing step : 1585
Doing step : 1586
Doing step : 1587
Doing step : 1588
Doing step : 1589
Doing step : 1590
Doing step : 1591
Doing step : 1592
Doing step : 1593
Doing step : 1594
Doing step : 1595
Doing step : 1596
Doing step : 1597
Doing step : 1598
Doing step : 1599
Doing step : 1600
Doing step : 1601
Doing step : 1602
Doing step : 1603
Doing step : 1604
Doing step : 1605
Doing step : 1606
Doing step : 1607
Doing step : 1608
Doing step : 1609
Doing step : 1610
Doing step : 1611
Doing step : 1612
Doing step : 1613
Doing step : 1614
Doing step : 1615
Doing step : 1616
Doing step : 1617
Doing step : 1618
Doing step : 1619
Doing step : 1620
Doing step : 1621
Doing step : 1622
Doing step : 1623
Doing step : 1624
Doing step : 1625
Doing step : 1626
Doing step : 1627
Doing step : 1628
Doing step : 1629
Doing step : 1630
Doing step : 1631
Doing step : 1632
Doing step : 1633
Doing step : 1634
Doing step : 1635
Doing step : 1636
Doing step : 1637
Doing step : 1638
Doing step : 1639
Doing step : 1640
Doing step : 1641
Doing step : 1642
Doing step : 1643
Doing step : 1644
Doing step : 1645
Doing step : 1646
Doing step : 1647
Doing step : 1648
Doing step : 1649
Doing step : 1650
Doing step : 1651
Doing step : 1652
Doing step : 1653
Doing step : 1654
Doing step : 1655
Doing step : 1656
Doing step : 1657
Doing step : 1658
Doing step : 1659
Doing step : 1660
Doing step : 1661
Doing step : 1662
Doing step : 1663
Doing step : 1664
Doing step : 1665
Doing step : 1666
Doing step : 1667
Doing step : 1668
Doing step : 1669
Doing step : 1670
Doing step : 1671
Doing step : 1672
Doing step : 1673
Doing step : 1674
Doing step : 1675
Doing step : 1676
Doing step : 1677
Doing step : 1678
Doing step : 1679
Doing step : 1680
Doing step : 1681
Doing step : 1682
Doing step : 1683
Doing step : 1684
Doing step : 1685
Doing step : 1686
Doing step : 1687
Doing step : 1688
Doing step : 1689
Doing step : 1690
Doing step : 1691
Doing step : 1692
Doing step : 1693
Doing step : 1694
Doing step : 1695
Doing step : 1696
Doing step : 1697
Doing step : 1698
Doing step : 1699
Doing step : 1700
Doing step : 1701
Doing step : 1702
Doing step : 1703
Doing step : 1704
Doing step : 1705
Doing step : 1706
Doing step : 1707
Doing step : 1708
Doing step : 1709
Doing step : 1710
Doing step : 1711
Doing step : 1712
Doing step : 1713
Doing step : 1714
Doing step : 1715
Doing step : 1716
Doing step : 1717
Doing step : 1718
Doing step : 1719
Doing step : 1720
Doing step : 1721
Doing step : 1722
Doing step : 1723
Doing step : 1724
Doing step : 1725
Doing step : 1726
Doing step : 1727
Doing step : 1728
Doing step : 1729
Doing step : 1730
Doing step : 1731
Doing step : 1732
Doing step : 1733
Doing step : 1734
Doing step : 1735
Doing step : 1736
Doing step : 1737
Doing step : 1738
Doing step : 1739
Doing step : 1740
Doing step : 1741
Doing step : 1742
Doing step : 1743
Doing step : 1744
Doing step : 1745
Doing step : 1746
Doing step : 1747
Doing step : 1748
Doing step : 1749
Doing step : 1750
Doing step : 1751
Doing step : 1752
Doing step : 1753
Doing step : 1754
Doing step : 1755
Doing step : 1756
Doing step : 1757
Doing step : 1758
Doing step : 1759
Doing step : 1760
Doing step : 1761
Doing step : 1762
Doing step : 1763
Doing step : 1764
Doing step : 1765
Doing step : 1766
Doing step : 1767
Doing step : 1768
Doing step : 1769
Doing step : 1770
Doing step : 1771
Doing step : 1772
Doing step : 1773
Doing step : 1774
Doing step : 1775
Doing step : 1776
Doing step : 1777
Doing step : 1778
Doing step : 1779
Doing step : 1780
Doing step : 1781
Doing step : 1782
Doing step : 1783
Doing step : 1784
Doing step : 1785
Doing step : 1786
Doing step : 1787
Doing step : 1788
Doing step : 1789
Doing step : 1790
Doing step : 1791
Doing step : 1792
Doing step : 1793
Doing step : 1794
Doing step : 1795
Doing step : 1796
Doing step : 1797
Doing step : 1798
Doing step : 1799
Doing step : 1800
Doing step : 1801
Doing step : 1802
Doing step : 1803
Doing step : 1804
Doing step : 1805
Doing step : 1806
Doing step : 1807
Doing step : 1808
Doing step : 1809
Doing step : 1810
Doing step : 1811
Doing step : 1812
Doing step : 1813
Doing step : 1814
Doing step : 1815
Doing step : 1816
Doing step : 1817
Doing step : 1818
Doing step : 1819
Doing step : 1820
Doing step : 1821
Doing step : 1822
Doing step : 1823
Doing step : 1824
Doing step : 1825
Doing step : 1826
Doing step : 1827
Doing step : 1828
Doing step : 1829
Doing step : 1830
Doing step : 1831
Doing step : 1832
Doing step : 1833
Doing step : 1834
Doing step : 1835
Doing step : 1836
Doing step : 1837
Doing step : 1838
Doing step : 1839
Doing step : 1840
Doing step : 1841
Doing step : 1842
Doing step : 1843
Doing step : 1844
Doing step : 1845
Doing step : 1846
Doing step : 1847
Doing step : 1848
Doing step : 1849
Doing step : 1850
Doing step : 1851
Doing step : 1852
Doing step : 1853
Doing step : 1854
Doing step : 1855
Doing step : 1856
Doing step : 1857
Doing step : 1858
Doing step : 1859
Doing step : 1860
Doing step : 1861
Doing step : 1862
Doing step : 1863
Doing step : 1864
Doing step : 1865
Doing step : 1866
Doing step : 1867
Doing step : 1868
Doing step : 1869
Doing step : 1870
Doing step : 1871
Doing step : 1872
Doing step : 1873
Doing step : 1874
Doing step : 1875
Doing step : 1876
Doing step : 1877
Doing step : 1878
Doing step : 1879
Doing step : 1880
Doing step : 1881
Doing step : 1882
Doing step : 1883
Doing step : 1884
Doing step : 1885
Doing step : 1886
Doing step : 1887
Doing step : 1888
Doing step : 1889
Doing step : 1890
Doing step : 1891
Doing step : 1892
Doing step : 1893
Doing step : 1894
Doing step : 1895
Doing step : 1896
Doing step : 1897
Doing step : 1898
Doing step : 1899
Doing step : 1900
Doing step : 1901
Doing step : 1902
Doing step : 1903
Doing step : 1904
Doing step : 1905
Doing step : 1906
Doing step : 1907
Doing step : 1908
Doing step : 1909
Doing step : 1910
Doing step : 1911
Doing step : 1912
Doing step : 1913
Doing step : 1914
Doing step : 1915
Doing step : 1916
Doing step : 1917
Doing step : 1918
Doing step : 1919
Doing step : 1920
Doing step : 1921
Doing step : 1922
Doing step : 1923
Doing step : 1924
Doing step : 1925
Doing step : 1926
Doing step : 1927
Doing step : 1928
Doing step : 1929
Doing step : 1930
Doing step : 1931
Doing step : 1932
Doing step : 1933
Doing step : 1934
Doing step : 1935
Doing step : 1936
Doing step : 1937
Doing step : 1938
Doing step : 1939
Doing step : 1940
Doing step : 1941
Doing step : 1942
Doing step : 1943
Doing step : 1944
Doing step : 1945
Doing step : 1946
Doing step : 1947
Doing step : 1948
Doing step : 1949
Doing step : 1950
Doing step : 1951
Doing step : 1952
Doing step : 1953
Doing step : 1954
Doing step : 1955
Doing step : 1956
Doing step : 1957
Doing step : 1958
Doing step : 1959
Doing step : 1960
Doing step : 1961
Doing step : 1962
Doing step : 1963
Doing step : 1964
Doing step : 1965
Doing step : 1966
Doing step : 1967
Doing step : 1968
Doing step : 1969
Doing step : 1970
Doing step : 1971
Doing step : 1972
Doing step : 1973
Doing step : 1974
Doing step : 1975
Doing step : 1976
Doing step : 1977
Doing step : 1978
Doing step : 1979
Doing step : 1980
Doing step : 1981
Doing step : 1982
Doing step : 1983
Doing step : 1984
Doing step : 1985
Doing step : 1986
Doing step : 1987
Doing step : 1988
Doing step : 1989
Doing step : 1990
Doing step : 1991
Doing step : 1992
Doing step : 1993
Doing step : 1994
Doing step : 1995
Doing step : 1996
Doing step : 1997
Doing step : 1998
Doing step : 1999
Doing step : 2000
Doing step : 2001
Doing step : 2002
Doing step : 2003
Simulation done CEX stuff generated.
CEX display start. 
Start license checked out.
End license checked out.
simvision path: /usr/local/packages/cadence_2010/INCISIV102/tools/ifv/bin/ 
 Not a single GUI mode 
 Setting up storage path 
 About to submit SIMVISION job ...
 Submitted simv job: pid = 1 
 SIMVISION DONE.
CEX display done
